app/build/intermediates/manifest_merge_blame_file/debug/manifest-merger-blame-debug-report.txt
1<?xml version="1.0" encoding="utf-8"?>
2<manifest xmlns:android="http://schemas.android.com/apk/res/android"
3    package="com.abdipurnawan.praktikum"
4    android:versionCode="1"
5    android:versionName="1.0" >
6
7    <uses-sdk
8        android:minSdkVersion="21"
8-->src\main\AndroidManifest.xml
9        android:targetSdkVersion="29" />
9-->src\main\AndroidManifest.xml
10
11    <uses-permission android:name="android.permission.INTERNET" />
11-->src\main\AndroidManifest.xml:55:5-67
11-->src\main\AndroidManifest.xml:55:22-64
12    <uses-permission android:name="android.permission.ACCESS_NETWORK_STATE" />
12-->[com.google.android.gms:play-services-measurement:18.0.0] AndroidManifest.xml:24:5-79
12-->[com.google.android.gms:play-services-measurement:18.0.0] AndroidManifest.xml:24:22-76
13    <uses-permission android:name="android.permission.WAKE_LOCK" />
13-->[com.google.android.gms:play-services-measurement:18.0.0] AndroidManifest.xml:25:5-68
13-->[com.google.android.gms:play-services-measurement:18.0.0] AndroidManifest.xml:25:22-65
14    <uses-permission android:name="com.google.android.finsky.permission.BIND_GET_INSTALL_REFERRER_SERVICE" /> <!-- Required by older versions of Google Play services to create IID tokens -->
14-->[com.google.android.gms:play-services-measurement:18.0.0] AndroidManifest.xml:26:5-110
14-->[com.google.android.gms:play-services-measurement:18.0.0] AndroidManifest.xml:26:22-107
15    <uses-permission android:name="com.google.android.c2dm.permission.RECEIVE" />
15-->[com.google.firebase:firebase-iid:21.0.0] AndroidManifest.xml:26:5-82
15-->[com.google.firebase:firebase-iid:21.0.0] AndroidManifest.xml:26:22-79
16
17    <application
17-->src\main\AndroidManifest.xml:5:5-53:19
18        android:allowBackup="true"
18-->src\main\AndroidManifest.xml:6:9-35
19        android:appComponentFactory="androidx.core.app.CoreComponentFactory"
19-->[androidx.core:core:1.3.1] AndroidManifest.xml:24:18-86
20        android:debuggable="true"
21        android:icon="@mipmap/ic_launcher"
21-->src\main\AndroidManifest.xml:7:9-43
22        android:label="@string/app_name"
22-->src\main\AndroidManifest.xml:8:9-41
23        android:roundIcon="@mipmap/ic_launcher_round"
23-->src\main\AndroidManifest.xml:9:9-54
24        android:supportsRtl="true"
24-->src\main\AndroidManifest.xml:10:9-35
25        android:testOnly="true"
26        android:theme="@style/AppTheme"
26-->src\main\AndroidManifest.xml:11:9-40
27        android:usesCleartextTraffic="true" >
27-->src\main\AndroidManifest.xml:12:9-44
28        <activity android:name="com.example.praktikum.Admin.AdminListAdminActivity" />
28-->src\main\AndroidManifest.xml:13:9-66
28-->src\main\AndroidManifest.xml:13:19-63
29        <activity android:name="com.example.praktikum.Admin.AdminDetailListusrActivity" />
29-->src\main\AndroidManifest.xml:14:9-70
29-->src\main\AndroidManifest.xml:14:19-67
30        <activity android:name="com.example.praktikum.Admin.AdminListUserActivity" />
30-->src\main\AndroidManifest.xml:15:9-65
30-->src\main\AndroidManifest.xml:15:19-62
31        <activity
31-->src\main\AndroidManifest.xml:16:9-94
32            android:name="com.example.praktikum.Admin.AdminDetailRegsmskActivity"
32-->src\main\AndroidManifest.xml:16:19-67
33            android:noHistory="true" />
33-->src\main\AndroidManifest.xml:16:68-92
34        <activity
34-->src\main\AndroidManifest.xml:17:9-89
35            android:name="com.example.praktikum.Admin.AdminRegismskActivity"
35-->src\main\AndroidManifest.xml:17:19-62
36            android:noHistory="true" />
36-->src\main\AndroidManifest.xml:17:63-87
37        <activity android:name="com.example.praktikum.Admin.AdminHomeActivity" />
37-->src\main\AndroidManifest.xml:18:9-61
37-->src\main\AndroidManifest.xml:18:19-58
38        <activity android:name="com.example.praktikum.Admin.AdminDetailRwtActivity" />
38-->src\main\AndroidManifest.xml:19:9-66
38-->src\main\AndroidManifest.xml:19:19-63
39        <activity android:name="com.example.praktikum.Admin.AdminRiwayatActivity" />
39-->src\main\AndroidManifest.xml:20:9-64
39-->src\main\AndroidManifest.xml:20:19-61
40        <activity android:name="com.example.praktikum.Admin.AdminProfileActivity" />
40-->src\main\AndroidManifest.xml:21:9-64
40-->src\main\AndroidManifest.xml:21:19-61
41        <activity android:name="com.example.praktikum.Admin.AdminDetailListadmActivity" />
41-->src\main\AndroidManifest.xml:22:9-70
41-->src\main\AndroidManifest.xml:22:19-67
42        <activity android:name="com.example.praktikum.Pasien.DetailRiwayatDiresponActivity" />
42-->src\main\AndroidManifest.xml:25:9-83
42-->src\main\AndroidManifest.xml:25:19-71
43        <activity
43-->src\main\AndroidManifest.xml:26:9-92
44            android:name="com.example.praktikum.Pasien.RiwayatDiresponActivity"
44-->src\main\AndroidManifest.xml:26:19-65
45            android:noHistory="true" />
45-->src\main\AndroidManifest.xml:26:66-90
46        <activity android:name="com.example.praktikum.Pasien.EditRegistrasiaActivity" />
46-->src\main\AndroidManifest.xml:27:9-68
46-->src\main\AndroidManifest.xml:27:19-65
47        <activity android:name="com.example.praktikum.Pasien.DetailRiwayatrgsActivity" />
47-->src\main\AndroidManifest.xml:28:9-69
47-->src\main\AndroidManifest.xml:28:19-66
48        <activity
48-->src\main\AndroidManifest.xml:29:9-91
49            android:name="com.example.praktikum.Pasien.RiwayatPendingActivity"
49-->src\main\AndroidManifest.xml:29:19-64
50            android:noHistory="true" />
50-->src\main\AndroidManifest.xml:29:65-89
51        <activity android:name="com.example.praktikum.Pasien.RegistsakitActivity" />
51-->src\main\AndroidManifest.xml:30:9-64
51-->src\main\AndroidManifest.xml:30:19-61
52        <activity android:name="com.example.praktikum.Pasien.EditpassActivity" />
52-->src\main\AndroidManifest.xml:31:9-61
52-->src\main\AndroidManifest.xml:31:19-58
53        <activity android:name="com.example.praktikum.Pasien.EditprofileActivity" />
53-->src\main\AndroidManifest.xml:32:9-64
53-->src\main\AndroidManifest.xml:32:19-61
54        <activity android:name="com.example.praktikum.Any.AuthActivity" />
54-->src\main\AndroidManifest.xml:33:9-54
54-->src\main\AndroidManifest.xml:33:19-51
55        <activity android:name="com.example.praktikum.Pasien.RegisterActivity" />
55-->src\main\AndroidManifest.xml:34:9-61
55-->src\main\AndroidManifest.xml:34:19-58
56        <activity android:name="com.example.praktikum.LoginActivity" />
56-->src\main\AndroidManifest.xml:35:9-51
56-->src\main\AndroidManifest.xml:35:19-48
57        <activity
57-->src\main\AndroidManifest.xml:36:9-38:61
58            android:name="com.example.praktikum.ProfileActivity"
58-->src\main\AndroidManifest.xml:37:13-44
59            android:label="@string/title_activity_profile" />
59-->src\main\AndroidManifest.xml:38:13-59
60        <activity android:name="com.example.praktikum.Pasien.RiwayatActivity" />
60-->src\main\AndroidManifest.xml:39:9-60
60-->src\main\AndroidManifest.xml:39:19-57
61        <activity android:name="com.example.praktikum.MainActivity" >
61-->src\main\AndroidManifest.xml:40:9-46:20
61-->src\main\AndroidManifest.xml:40:19-47
62            <intent-filter>
62-->src\main\AndroidManifest.xml:41:13-45:29
63                <action android:name="android.intent.action.MAIN" />
63-->src\main\AndroidManifest.xml:42:17-69
63-->src\main\AndroidManifest.xml:42:25-66
64
65                <category android:name="android.intent.category.LAUNCHER" />
65-->src\main\AndroidManifest.xml:44:17-77
65-->src\main\AndroidManifest.xml:44:27-74
66            </intent-filter>
67        </activity>
68
69        <service android:name="com.example.praktikum.Any.FirebaseMessageReceiver" >
69-->src\main\AndroidManifest.xml:48:9-52:19
69-->src\main\AndroidManifest.xml:48:18-61
70            <intent-filter>
70-->src\main\AndroidManifest.xml:49:13-51:29
71                <action android:name="com.google.firebase.MESSAGING_EVENT" />
71-->src\main\AndroidManifest.xml:50:17-77
71-->src\main\AndroidManifest.xml:50:25-75
72            </intent-filter>
73        </service>
74
75        <provider
75-->[com.squareup.picasso:picasso:2.8] AndroidManifest.xml:8:9-11:40
76            android:name="com.squareup.picasso.PicassoProvider"
76-->[com.squareup.picasso:picasso:2.8] AndroidManifest.xml:9:13-64
77            android:authorities="com.abdipurnawan.praktikum.com.squareup.picasso"
77-->[com.squareup.picasso:picasso:2.8] AndroidManifest.xml:10:13-72
78            android:exported="false" />
78-->[com.squareup.picasso:picasso:2.8] AndroidManifest.xml:11:13-37
79        <!--
80             FirebaseMessagingService performs security checks at runtime,
81             but set to not exported to explicitly avoid allowing another app to call it.
82        -->
83        <service
83-->[com.google.firebase:firebase-messaging:21.0.0] AndroidManifest.xml:28:9-35:19
84            android:name="com.google.firebase.messaging.FirebaseMessagingService"
84-->[com.google.firebase:firebase-messaging:21.0.0] AndroidManifest.xml:29:13-82
85            android:directBootAware="true"
85-->[com.google.firebase:firebase-messaging:21.0.0] AndroidManifest.xml:30:13-43
86            android:exported="false" >
86-->[com.google.firebase:firebase-messaging:21.0.0] AndroidManifest.xml:31:13-37
87            <intent-filter android:priority="-500" >
87-->src\main\AndroidManifest.xml:49:13-51:29
88                <action android:name="com.google.firebase.MESSAGING_EVENT" />
88-->src\main\AndroidManifest.xml:50:17-77
88-->src\main\AndroidManifest.xml:50:25-75
89            </intent-filter>
90        </service>
91        <service
91-->[com.google.firebase:firebase-messaging:21.0.0] AndroidManifest.xml:36:9-42:19
92            android:name="com.google.firebase.components.ComponentDiscoveryService"
92-->[com.google.firebase:firebase-messaging:21.0.0] AndroidManifest.xml:37:13-84
93            android:directBootAware="true"
93-->[com.google.firebase:firebase-common:19.4.0] AndroidManifest.xml:35:13-43
94            android:exported="false" >
94-->[com.google.firebase:firebase-messaging:21.0.0] AndroidManifest.xml:38:13-37
95            <meta-data
95-->[com.google.firebase:firebase-messaging:21.0.0] AndroidManifest.xml:39:13-41:85
96                android:name="com.google.firebase.components:com.google.firebase.messaging.FirebaseMessagingRegistrar"
96-->[com.google.firebase:firebase-messaging:21.0.0] AndroidManifest.xml:40:17-119
97                android:value="com.google.firebase.components.ComponentRegistrar" />
97-->[com.google.firebase:firebase-messaging:21.0.0] AndroidManifest.xml:41:17-82
98            <meta-data
98-->[com.google.android.gms:play-services-measurement-api:18.0.0] AndroidManifest.xml:30:13-32:85
99                android:name="com.google.firebase.components:com.google.firebase.analytics.connector.internal.AnalyticsConnectorRegistrar"
99-->[com.google.android.gms:play-services-measurement-api:18.0.0] AndroidManifest.xml:31:17-139
100                android:value="com.google.firebase.components.ComponentRegistrar" />
100-->[com.google.android.gms:play-services-measurement-api:18.0.0] AndroidManifest.xml:32:17-82
101            <meta-data
101-->[com.google.firebase:firebase-iid:21.0.0] AndroidManifest.xml:32:13-34:85
102                android:name="com.google.firebase.components:com.google.firebase.iid.Registrar"
102-->[com.google.firebase:firebase-iid:21.0.0] AndroidManifest.xml:33:17-96
103                android:value="com.google.firebase.components.ComponentRegistrar" />
103-->[com.google.firebase:firebase-iid:21.0.0] AndroidManifest.xml:34:17-82
104            <meta-data
104-->[com.google.firebase:firebase-installations:16.3.4] AndroidManifest.xml:18:13-20:85
105                android:name="com.google.firebase.components:com.google.firebase.installations.FirebaseInstallationsRegistrar"
105-->[com.google.firebase:firebase-installations:16.3.4] AndroidManifest.xml:19:17-127
106                android:value="com.google.firebase.components.ComponentRegistrar" />
106-->[com.google.firebase:firebase-installations:16.3.4] AndroidManifest.xml:20:17-82
107            <meta-data
107-->[com.google.firebase:firebase-datatransport:17.0.3] AndroidManifest.xml:28:13-30:85
108                android:name="com.google.firebase.components:com.google.firebase.datatransport.TransportRegistrar"
108-->[com.google.firebase:firebase-datatransport:17.0.3] AndroidManifest.xml:29:17-115
109                android:value="com.google.firebase.components.ComponentRegistrar" />
109-->[com.google.firebase:firebase-datatransport:17.0.3] AndroidManifest.xml:30:17-82
110        </service>
111
112        <receiver
112-->[com.google.android.gms:play-services-measurement:18.0.0] AndroidManifest.xml:29:9-33:20
113            android:name="com.google.android.gms.measurement.AppMeasurementReceiver"
113-->[com.google.android.gms:play-services-measurement:18.0.0] AndroidManifest.xml:30:13-85
114            android:enabled="true"
114-->[com.google.android.gms:play-services-measurement:18.0.0] AndroidManifest.xml:31:13-35
115            android:exported="false" >
115-->[com.google.android.gms:play-services-measurement:18.0.0] AndroidManifest.xml:32:13-37
116        </receiver>
117
118        <service
118-->[com.google.android.gms:play-services-measurement:18.0.0] AndroidManifest.xml:35:9-38:40
119            android:name="com.google.android.gms.measurement.AppMeasurementService"
119-->[com.google.android.gms:play-services-measurement:18.0.0] AndroidManifest.xml:36:13-84
120            android:enabled="true"
120-->[com.google.android.gms:play-services-measurement:18.0.0] AndroidManifest.xml:37:13-35
121            android:exported="false" />
121-->[com.google.android.gms:play-services-measurement:18.0.0] AndroidManifest.xml:38:13-37
122        <service
122-->[com.google.android.gms:play-services-measurement:18.0.0] AndroidManifest.xml:39:9-43:72
123            android:name="com.google.android.gms.measurement.AppMeasurementJobService"
123-->[com.google.android.gms:play-services-measurement:18.0.0] AndroidManifest.xml:40:13-87
124            android:enabled="true"
124-->[com.google.android.gms:play-services-measurement:18.0.0] AndroidManifest.xml:41:13-35
125            android:exported="false"
125-->[com.google.android.gms:play-services-measurement:18.0.0] AndroidManifest.xml:42:13-37
126            android:permission="android.permission.BIND_JOB_SERVICE" />
126-->[com.google.android.gms:play-services-measurement:18.0.0] AndroidManifest.xml:43:13-69
127
128        <receiver
128-->[com.google.firebase:firebase-iid:21.0.0] AndroidManifest.xml:37:9-44:20
129            android:name="com.google.firebase.iid.FirebaseInstanceIdReceiver"
129-->[com.google.firebase:firebase-iid:21.0.0] AndroidManifest.xml:38:13-78
130            android:exported="true"
130-->[com.google.firebase:firebase-iid:21.0.0] AndroidManifest.xml:39:13-36
131            android:permission="com.google.android.c2dm.permission.SEND" >
131-->[com.google.firebase:firebase-iid:21.0.0] AndroidManifest.xml:40:13-73
132            <intent-filter>
132-->[com.google.firebase:firebase-iid:21.0.0] AndroidManifest.xml:41:13-43:29
133                <action android:name="com.google.android.c2dm.intent.RECEIVE" />
133-->[com.google.firebase:firebase-iid:21.0.0] AndroidManifest.xml:42:17-81
133-->[com.google.firebase:firebase-iid:21.0.0] AndroidManifest.xml:42:25-78
134            </intent-filter>
135        </receiver>
136
137        <provider
137-->[com.google.firebase:firebase-common:19.4.0] AndroidManifest.xml:26:9-31:39
138            android:name="com.google.firebase.provider.FirebaseInitProvider"
138-->[com.google.firebase:firebase-common:19.4.0] AndroidManifest.xml:27:13-77
139            android:authorities="com.abdipurnawan.praktikum.firebaseinitprovider"
139-->[com.google.firebase:firebase-common:19.4.0] AndroidManifest.xml:28:13-72
140            android:directBootAware="true"
140-->[com.google.firebase:firebase-common:19.4.0] AndroidManifest.xml:29:13-43
141            android:exported="false"
141-->[com.google.firebase:firebase-common:19.4.0] AndroidManifest.xml:30:13-37
142            android:initOrder="100" />
142-->[com.google.firebase:firebase-common:19.4.0] AndroidManifest.xml:31:13-36
143
144        <activity
144-->[com.google.android.gms:play-services-base:17.0.0] AndroidManifest.xml:23:9-26:75
145            android:name="com.google.android.gms.common.api.GoogleApiActivity"
145-->[com.google.android.gms:play-services-base:17.0.0] AndroidManifest.xml:24:13-79
146            android:exported="false"
146-->[com.google.android.gms:play-services-base:17.0.0] AndroidManifest.xml:25:13-37
147            android:theme="@android:style/Theme.Translucent.NoTitleBar" />
147-->[com.google.android.gms:play-services-base:17.0.0] AndroidManifest.xml:26:13-72
148
149        <meta-data
149-->[com.google.android.gms:play-services-basement:17.0.0] AndroidManifest.xml:23:9-25:69
150            android:name="com.google.android.gms.version"
150-->[com.google.android.gms:play-services-basement:17.0.0] AndroidManifest.xml:24:13-58
151            android:value="@integer/google_play_services_version" />
151-->[com.google.android.gms:play-services-basement:17.0.0] AndroidManifest.xml:25:13-66
152
153        <service
153-->[com.google.android.datatransport:transport-backend-cct:2.2.0] AndroidManifest.xml:29:9-35:19
154            android:name="com.google.android.datatransport.runtime.backends.TransportBackendDiscovery"
154-->[com.google.android.datatransport:transport-backend-cct:2.2.0] AndroidManifest.xml:30:13-103
155            android:exported="false" >
155-->[com.google.android.datatransport:transport-backend-cct:2.2.0] AndroidManifest.xml:31:13-37
156            <meta-data
156-->[com.google.android.datatransport:transport-backend-cct:2.2.0] AndroidManifest.xml:32:13-34:39
157                android:name="backend:com.google.android.datatransport.cct.CctBackendFactory"
157-->[com.google.android.datatransport:transport-backend-cct:2.2.0] AndroidManifest.xml:33:17-94
158                android:value="cct" />
158-->[com.google.android.datatransport:transport-backend-cct:2.2.0] AndroidManifest.xml:34:17-36
159        </service>
160        <service
160-->[com.google.android.datatransport:transport-runtime:2.2.0] AndroidManifest.xml:26:9-30:19
161            android:name="com.google.android.datatransport.runtime.scheduling.jobscheduling.JobInfoSchedulerService"
161-->[com.google.android.datatransport:transport-runtime:2.2.0] AndroidManifest.xml:27:13-117
162            android:exported="false"
162-->[com.google.android.datatransport:transport-runtime:2.2.0] AndroidManifest.xml:28:13-37
163            android:permission="android.permission.BIND_JOB_SERVICE" >
163-->[com.google.android.datatransport:transport-runtime:2.2.0] AndroidManifest.xml:29:13-69
164        </service>
165
166        <receiver
166-->[com.google.android.datatransport:transport-runtime:2.2.0] AndroidManifest.xml:32:9-34:40
167            android:name="com.google.android.datatransport.runtime.scheduling.jobscheduling.AlarmManagerSchedulerBroadcastReceiver"
167-->[com.google.android.datatransport:transport-runtime:2.2.0] AndroidManifest.xml:33:13-132
168            android:exported="false" />
168-->[com.google.android.datatransport:transport-runtime:2.2.0] AndroidManifest.xml:34:13-37
169    </application>
170
171</manifest>